2022-02-07 21:20:31.804 [Thread-53-EventThread] ERROR [org.apache.zookeeper.ClientCnxn] - Error while calling watcher 
java.lang.NullPointerException: null
	at com.distributed.lock.zk.ZooKeeperSession$ZooKeeperWatcher.process(ZooKeeperSession.java:91) ~[classes/:na]
	at org.apache.zookeeper.ClientCnxn$EventThread.processEvent(ClientCnxn.java:522) [zookeeper-3.4.6.jar:3.4.6-1569965]
	at org.apache.zookeeper.ClientCnxn$EventThread.run(ClientCnxn.java:498) [zookeeper-3.4.6.jar:3.4.6-1569965]
2022-02-07 21:20:31.804 [Thread-34-EventThread] ERROR [org.apache.zookeeper.ClientCnxn] - Error while calling watcher 
java.lang.NullPointerException: null
	at com.distributed.lock.zk.ZooKeeperSession$ZooKeeperWatcher.process(ZooKeeperSession.java:91) ~[classes/:na]
	at org.apache.zookeeper.ClientCnxn$EventThread.processEvent(ClientCnxn.java:522) [zookeeper-3.4.6.jar:3.4.6-1569965]
	at org.apache.zookeeper.ClientCnxn$EventThread.run(ClientCnxn.java:498) [zookeeper-3.4.6.jar:3.4.6-1569965]
2022-02-07 21:20:31.804 [Thread-11-EventThread] ERROR [org.apache.zookeeper.ClientCnxn] - Error while calling watcher 
java.lang.NullPointerException: null
	at com.distributed.lock.zk.ZooKeeperSession$ZooKeeperWatcher.process(ZooKeeperSession.java:91) ~[classes/:na]
	at org.apache.zookeeper.ClientCnxn$EventThread.processEvent(ClientCnxn.java:522) [zookeeper-3.4.6.jar:3.4.6-1569965]
	at org.apache.zookeeper.ClientCnxn$EventThread.run(ClientCnxn.java:498) [zookeeper-3.4.6.jar:3.4.6-1569965]
2022-02-07 21:20:31.804 [Thread-26-EventThread] ERROR [org.apache.zookeeper.ClientCnxn] - Error while calling watcher 
java.lang.NullPointerException: null
	at com.distributed.lock.zk.ZooKeeperSession$ZooKeeperWatcher.process(ZooKeeperSession.java:91) ~[classes/:na]
	at org.apache.zookeeper.ClientCnxn$EventThread.processEvent(ClientCnxn.java:522) [zookeeper-3.4.6.jar:3.4.6-1569965]
	at org.apache.zookeeper.ClientCnxn$EventThread.run(ClientCnxn.java:498) [zookeeper-3.4.6.jar:3.4.6-1569965]
2022-02-07 21:20:31.804 [Thread-27-EventThread] ERROR [org.apache.zookeeper.ClientCnxn] - Error while calling watcher 
java.lang.NullPointerException: null
	at com.distributed.lock.zk.ZooKeeperSession$ZooKeeperWatcher.process(ZooKeeperSession.java:91) ~[classes/:na]
	at org.apache.zookeeper.ClientCnxn$EventThread.processEvent(ClientCnxn.java:522) [zookeeper-3.4.6.jar:3.4.6-1569965]
	at org.apache.zookeeper.ClientCnxn$EventThread.run(ClientCnxn.java:498) [zookeeper-3.4.6.jar:3.4.6-1569965]
2022-02-07 21:20:31.820 [Thread-1-EventThread] ERROR [org.apache.zookeeper.ClientCnxn] - Error while calling watcher 
java.lang.NullPointerException: null
	at com.distributed.lock.zk.ZooKeeperSession$ZooKeeperWatcher.process(ZooKeeperSession.java:91) ~[classes/:na]
	at org.apache.zookeeper.ClientCnxn$EventThread.processEvent(ClientCnxn.java:522) [zookeeper-3.4.6.jar:3.4.6-1569965]
	at org.apache.zookeeper.ClientCnxn$EventThread.run(ClientCnxn.java:498) [zookeeper-3.4.6.jar:3.4.6-1569965]
2022-02-07 21:20:32.269 [Thread-38-EventThread] ERROR [org.apache.zookeeper.ClientCnxn] - Error while calling watcher 
java.lang.NullPointerException: null
	at com.distributed.lock.zk.ZooKeeperSession$ZooKeeperWatcher.process(ZooKeeperSession.java:91) ~[classes/:na]
	at org.apache.zookeeper.ClientCnxn$EventThread.processEvent(ClientCnxn.java:522) [zookeeper-3.4.6.jar:3.4.6-1569965]
	at org.apache.zookeeper.ClientCnxn$EventThread.run(ClientCnxn.java:498) [zookeeper-3.4.6.jar:3.4.6-1569965]
2022-02-07 21:20:32.269 [Thread-16-EventThread] ERROR [org.apache.zookeeper.ClientCnxn] - Error while calling watcher 
java.lang.NullPointerException: null
	at com.distributed.lock.zk.ZooKeeperSession$ZooKeeperWatcher.process(ZooKeeperSession.java:91) ~[classes/:na]
	at org.apache.zookeeper.ClientCnxn$EventThread.processEvent(ClientCnxn.java:522) [zookeeper-3.4.6.jar:3.4.6-1569965]
	at org.apache.zookeeper.ClientCnxn$EventThread.run(ClientCnxn.java:498) [zookeeper-3.4.6.jar:3.4.6-1569965]
2022-02-07 21:20:32.269 [Thread-44-EventThread] ERROR [org.apache.zookeeper.ClientCnxn] - Error while calling watcher 
java.lang.NullPointerException: null
	at com.distributed.lock.zk.ZooKeeperSession$ZooKeeperWatcher.process(ZooKeeperSession.java:91) ~[classes/:na]
	at org.apache.zookeeper.ClientCnxn$EventThread.processEvent(ClientCnxn.java:522) [zookeeper-3.4.6.jar:3.4.6-1569965]
	at org.apache.zookeeper.ClientCnxn$EventThread.run(ClientCnxn.java:498) [zookeeper-3.4.6.jar:3.4.6-1569965]
2022-02-07 21:20:32.269 [Thread-70-EventThread] ERROR [org.apache.zookeeper.ClientCnxn] - Error while calling watcher 
java.lang.NullPointerException: null
	at com.distributed.lock.zk.ZooKeeperSession$ZooKeeperWatcher.process(ZooKeeperSession.java:91) ~[classes/:na]
	at org.apache.zookeeper.ClientCnxn$EventThread.processEvent(ClientCnxn.java:522) [zookeeper-3.4.6.jar:3.4.6-1569965]
	at org.apache.zookeeper.ClientCnxn$EventThread.run(ClientCnxn.java:498) [zookeeper-3.4.6.jar:3.4.6-1569965]
2022-02-07 21:20:32.269 [Thread-90-EventThread] ERROR [org.apache.zookeeper.ClientCnxn] - Error while calling watcher 
java.lang.NullPointerException: null
	at com.distributed.lock.zk.ZooKeeperSession$ZooKeeperWatcher.process(ZooKeeperSession.java:91) ~[classes/:na]
	at org.apache.zookeeper.ClientCnxn$EventThread.processEvent(ClientCnxn.java:522) [zookeeper-3.4.6.jar:3.4.6-1569965]
	at org.apache.zookeeper.ClientCnxn$EventThread.run(ClientCnxn.java:498) [zookeeper-3.4.6.jar:3.4.6-1569965]
2022-02-07 21:20:32.269 [Thread-78-EventThread] ERROR [org.apache.zookeeper.ClientCnxn] - Error while calling watcher 
java.lang.NullPointerException: null
	at com.distributed.lock.zk.ZooKeeperSession$ZooKeeperWatcher.process(ZooKeeperSession.java:91) ~[classes/:na]
	at org.apache.zookeeper.ClientCnxn$EventThread.processEvent(ClientCnxn.java:522) [zookeeper-3.4.6.jar:3.4.6-1569965]
	at org.apache.zookeeper.ClientCnxn$EventThread.run(ClientCnxn.java:498) [zookeeper-3.4.6.jar:3.4.6-1569965]
2022-02-07 21:20:32.269 [Thread-61-EventThread] ERROR [org.apache.zookeeper.ClientCnxn] - Error while calling watcher 
java.lang.NullPointerException: null
	at com.distributed.lock.zk.ZooKeeperSession$ZooKeeperWatcher.process(ZooKeeperSession.java:91) ~[classes/:na]
	at org.apache.zookeeper.ClientCnxn$EventThread.processEvent(ClientCnxn.java:522) [zookeeper-3.4.6.jar:3.4.6-1569965]
	at org.apache.zookeeper.ClientCnxn$EventThread.run(ClientCnxn.java:498) [zookeeper-3.4.6.jar:3.4.6-1569965]
2022-02-07 21:20:32.269 [Thread-12-EventThread] ERROR [org.apache.zookeeper.ClientCnxn] - Error while calling watcher 
java.lang.NullPointerException: null
	at com.distributed.lock.zk.ZooKeeperSession$ZooKeeperWatcher.process(ZooKeeperSession.java:91) ~[classes/:na]
	at org.apache.zookeeper.ClientCnxn$EventThread.processEvent(ClientCnxn.java:522) [zookeeper-3.4.6.jar:3.4.6-1569965]
	at org.apache.zookeeper.ClientCnxn$EventThread.run(ClientCnxn.java:498) [zookeeper-3.4.6.jar:3.4.6-1569965]
2022-02-07 21:20:32.273 [Thread-77-EventThread] ERROR [org.apache.zookeeper.ClientCnxn] - Error while calling watcher 
java.lang.NullPointerException: null
	at com.distributed.lock.zk.ZooKeeperSession$ZooKeeperWatcher.process(ZooKeeperSession.java:91) ~[classes/:na]
	at org.apache.zookeeper.ClientCnxn$EventThread.processEvent(ClientCnxn.java:522) [zookeeper-3.4.6.jar:3.4.6-1569965]
	at org.apache.zookeeper.ClientCnxn$EventThread.run(ClientCnxn.java:498) [zookeeper-3.4.6.jar:3.4.6-1569965]
2022-02-07 21:20:32.273 [Thread-32-EventThread] ERROR [org.apache.zookeeper.ClientCnxn] - Error while calling watcher 
java.lang.NullPointerException: null
	at com.distributed.lock.zk.ZooKeeperSession$ZooKeeperWatcher.process(ZooKeeperSession.java:91) ~[classes/:na]
	at org.apache.zookeeper.ClientCnxn$EventThread.processEvent(ClientCnxn.java:522) [zookeeper-3.4.6.jar:3.4.6-1569965]
	at org.apache.zookeeper.ClientCnxn$EventThread.run(ClientCnxn.java:498) [zookeeper-3.4.6.jar:3.4.6-1569965]
2022-02-07 21:20:32.273 [Thread-41-EventThread] ERROR [org.apache.zookeeper.ClientCnxn] - Error while calling watcher 
java.lang.NullPointerException: null
	at com.distributed.lock.zk.ZooKeeperSession$ZooKeeperWatcher.process(ZooKeeperSession.java:91) ~[classes/:na]
	at org.apache.zookeeper.ClientCnxn$EventThread.processEvent(ClientCnxn.java:522) [zookeeper-3.4.6.jar:3.4.6-1569965]
	at org.apache.zookeeper.ClientCnxn$EventThread.run(ClientCnxn.java:498) [zookeeper-3.4.6.jar:3.4.6-1569965]
2022-02-07 21:20:32.273 [Thread-3-EventThread] ERROR [org.apache.zookeeper.ClientCnxn] - Error while calling watcher 
java.lang.NullPointerException: null
	at com.distributed.lock.zk.ZooKeeperSession$ZooKeeperWatcher.process(ZooKeeperSession.java:91) ~[classes/:na]
	at org.apache.zookeeper.ClientCnxn$EventThread.processEvent(ClientCnxn.java:522) [zookeeper-3.4.6.jar:3.4.6-1569965]
	at org.apache.zookeeper.ClientCnxn$EventThread.run(ClientCnxn.java:498) [zookeeper-3.4.6.jar:3.4.6-1569965]
2022-02-07 21:20:32.273 [Thread-62-EventThread] ERROR [org.apache.zookeeper.ClientCnxn] - Error while calling watcher 
java.lang.NullPointerException: null
	at com.distributed.lock.zk.ZooKeeperSession$ZooKeeperWatcher.process(ZooKeeperSession.java:91) ~[classes/:na]
	at org.apache.zookeeper.ClientCnxn$EventThread.processEvent(ClientCnxn.java:522) [zookeeper-3.4.6.jar:3.4.6-1569965]
	at org.apache.zookeeper.ClientCnxn$EventThread.run(ClientCnxn.java:498) [zookeeper-3.4.6.jar:3.4.6-1569965]
2022-02-07 21:20:32.273 [Thread-97-EventThread] ERROR [org.apache.zookeeper.ClientCnxn] - Error while calling watcher 
java.lang.NullPointerException: null
	at com.distributed.lock.zk.ZooKeeperSession$ZooKeeperWatcher.process(ZooKeeperSession.java:91) ~[classes/:na]
	at org.apache.zookeeper.ClientCnxn$EventThread.processEvent(ClientCnxn.java:522) [zookeeper-3.4.6.jar:3.4.6-1569965]
	at org.apache.zookeeper.ClientCnxn$EventThread.run(ClientCnxn.java:498) [zookeeper-3.4.6.jar:3.4.6-1569965]
2022-02-07 21:20:32.273 [Thread-0-EventThread] ERROR [org.apache.zookeeper.ClientCnxn] - Error while calling watcher 
java.lang.NullPointerException: null
	at com.distributed.lock.zk.ZooKeeperSession$ZooKeeperWatcher.process(ZooKeeperSession.java:91) ~[classes/:na]
	at org.apache.zookeeper.ClientCnxn$EventThread.processEvent(ClientCnxn.java:522) [zookeeper-3.4.6.jar:3.4.6-1569965]
	at org.apache.zookeeper.ClientCnxn$EventThread.run(ClientCnxn.java:498) [zookeeper-3.4.6.jar:3.4.6-1569965]
2022-02-07 21:20:32.273 [Thread-84-EventThread] ERROR [org.apache.zookeeper.ClientCnxn] - Error while calling watcher 
java.lang.NullPointerException: null
	at com.distributed.lock.zk.ZooKeeperSession$ZooKeeperWatcher.process(ZooKeeperSession.java:91) ~[classes/:na]
	at org.apache.zookeeper.ClientCnxn$EventThread.processEvent(ClientCnxn.java:522) [zookeeper-3.4.6.jar:3.4.6-1569965]
	at org.apache.zookeeper.ClientCnxn$EventThread.run(ClientCnxn.java:498) [zookeeper-3.4.6.jar:3.4.6-1569965]
2022-02-07 21:20:32.273 [Thread-19-EventThread] ERROR [org.apache.zookeeper.ClientCnxn] - Error while calling watcher 
java.lang.NullPointerException: null
	at com.distributed.lock.zk.ZooKeeperSession$ZooKeeperWatcher.process(ZooKeeperSession.java:91) ~[classes/:na]
	at org.apache.zookeeper.ClientCnxn$EventThread.processEvent(ClientCnxn.java:522) [zookeeper-3.4.6.jar:3.4.6-1569965]
	at org.apache.zookeeper.ClientCnxn$EventThread.run(ClientCnxn.java:498) [zookeeper-3.4.6.jar:3.4.6-1569965]
2022-02-07 21:20:32.273 [Thread-5-EventThread] ERROR [org.apache.zookeeper.ClientCnxn] - Error while calling watcher 
java.lang.NullPointerException: null
	at com.distributed.lock.zk.ZooKeeperSession$ZooKeeperWatcher.process(ZooKeeperSession.java:91) ~[classes/:na]
	at org.apache.zookeeper.ClientCnxn$EventThread.processEvent(ClientCnxn.java:522) [zookeeper-3.4.6.jar:3.4.6-1569965]
	at org.apache.zookeeper.ClientCnxn$EventThread.run(ClientCnxn.java:498) [zookeeper-3.4.6.jar:3.4.6-1569965]
2022-02-07 21:20:32.273 [Thread-73-EventThread] ERROR [org.apache.zookeeper.ClientCnxn] - Error while calling watcher 
java.lang.NullPointerException: null
	at com.distributed.lock.zk.ZooKeeperSession$ZooKeeperWatcher.process(ZooKeeperSession.java:91) ~[classes/:na]
	at org.apache.zookeeper.ClientCnxn$EventThread.processEvent(ClientCnxn.java:522) [zookeeper-3.4.6.jar:3.4.6-1569965]
	at org.apache.zookeeper.ClientCnxn$EventThread.run(ClientCnxn.java:498) [zookeeper-3.4.6.jar:3.4.6-1569965]
2022-02-07 21:20:32.273 [Thread-45-EventThread] ERROR [org.apache.zookeeper.ClientCnxn] - Error while calling watcher 
java.lang.NullPointerException: null
	at com.distributed.lock.zk.ZooKeeperSession$ZooKeeperWatcher.process(ZooKeeperSession.java:91) ~[classes/:na]
	at org.apache.zookeeper.ClientCnxn$EventThread.processEvent(ClientCnxn.java:522) [zookeeper-3.4.6.jar:3.4.6-1569965]
	at org.apache.zookeeper.ClientCnxn$EventThread.run(ClientCnxn.java:498) [zookeeper-3.4.6.jar:3.4.6-1569965]
2022-02-07 21:20:32.273 [Thread-15-EventThread] ERROR [org.apache.zookeeper.ClientCnxn] - Error while calling watcher 
java.lang.NullPointerException: null
	at com.distributed.lock.zk.ZooKeeperSession$ZooKeeperWatcher.process(ZooKeeperSession.java:91) ~[classes/:na]
	at org.apache.zookeeper.ClientCnxn$EventThread.processEvent(ClientCnxn.java:522) [zookeeper-3.4.6.jar:3.4.6-1569965]
	at org.apache.zookeeper.ClientCnxn$EventThread.run(ClientCnxn.java:498) [zookeeper-3.4.6.jar:3.4.6-1569965]
2022-02-07 21:20:32.273 [Thread-83-EventThread] ERROR [org.apache.zookeeper.ClientCnxn] - Error while calling watcher 
java.lang.NullPointerException: null
	at com.distributed.lock.zk.ZooKeeperSession$ZooKeeperWatcher.process(ZooKeeperSession.java:91) ~[classes/:na]
	at org.apache.zookeeper.ClientCnxn$EventThread.processEvent(ClientCnxn.java:522) [zookeeper-3.4.6.jar:3.4.6-1569965]
	at org.apache.zookeeper.ClientCnxn$EventThread.run(ClientCnxn.java:498) [zookeeper-3.4.6.jar:3.4.6-1569965]
2022-02-07 21:20:32.273 [Thread-47-EventThread] ERROR [org.apache.zookeeper.ClientCnxn] - Error while calling watcher 
java.lang.NullPointerException: null
	at com.distributed.lock.zk.ZooKeeperSession$ZooKeeperWatcher.process(ZooKeeperSession.java:91) ~[classes/:na]
	at org.apache.zookeeper.ClientCnxn$EventThread.processEvent(ClientCnxn.java:522) [zookeeper-3.4.6.jar:3.4.6-1569965]
	at org.apache.zookeeper.ClientCnxn$EventThread.run(ClientCnxn.java:498) [zookeeper-3.4.6.jar:3.4.6-1569965]
2022-02-07 21:20:32.273 [Thread-79-EventThread] ERROR [org.apache.zookeeper.ClientCnxn] - Error while calling watcher 
java.lang.NullPointerException: null
	at com.distributed.lock.zk.ZooKeeperSession$ZooKeeperWatcher.process(ZooKeeperSession.java:91) ~[classes/:na]
	at org.apache.zookeeper.ClientCnxn$EventThread.processEvent(ClientCnxn.java:522) [zookeeper-3.4.6.jar:3.4.6-1569965]
	at org.apache.zookeeper.ClientCnxn$EventThread.run(ClientCnxn.java:498) [zookeeper-3.4.6.jar:3.4.6-1569965]
2022-02-07 21:20:32.273 [Thread-28-EventThread] ERROR [org.apache.zookeeper.ClientCnxn] - Error while calling watcher 
java.lang.NullPointerException: null
	at com.distributed.lock.zk.ZooKeeperSession$ZooKeeperWatcher.process(ZooKeeperSession.java:91) ~[classes/:na]
	at org.apache.zookeeper.ClientCnxn$EventThread.processEvent(ClientCnxn.java:522) [zookeeper-3.4.6.jar:3.4.6-1569965]
	at org.apache.zookeeper.ClientCnxn$EventThread.run(ClientCnxn.java:498) [zookeeper-3.4.6.jar:3.4.6-1569965]
2022-02-07 21:20:32.273 [Thread-54-EventThread] ERROR [org.apache.zookeeper.ClientCnxn] - Error while calling watcher 
java.lang.NullPointerException: null
	at com.distributed.lock.zk.ZooKeeperSession$ZooKeeperWatcher.process(ZooKeeperSession.java:91) ~[classes/:na]
	at org.apache.zookeeper.ClientCnxn$EventThread.processEvent(ClientCnxn.java:522) [zookeeper-3.4.6.jar:3.4.6-1569965]
	at org.apache.zookeeper.ClientCnxn$EventThread.run(ClientCnxn.java:498) [zookeeper-3.4.6.jar:3.4.6-1569965]
2022-02-07 21:20:32.273 [Thread-36-EventThread] ERROR [org.apache.zookeeper.ClientCnxn] - Error while calling watcher 
java.lang.NullPointerException: null
	at com.distributed.lock.zk.ZooKeeperSession$ZooKeeperWatcher.process(ZooKeeperSession.java:91) ~[classes/:na]
	at org.apache.zookeeper.ClientCnxn$EventThread.processEvent(ClientCnxn.java:522) [zookeeper-3.4.6.jar:3.4.6-1569965]
	at org.apache.zookeeper.ClientCnxn$EventThread.run(ClientCnxn.java:498) [zookeeper-3.4.6.jar:3.4.6-1569965]
2022-02-07 21:20:32.273 [Thread-51-EventThread] ERROR [org.apache.zookeeper.ClientCnxn] - Error while calling watcher 
java.lang.NullPointerException: null
	at com.distributed.lock.zk.ZooKeeperSession$ZooKeeperWatcher.process(ZooKeeperSession.java:91) ~[classes/:na]
	at org.apache.zookeeper.ClientCnxn$EventThread.processEvent(ClientCnxn.java:522) [zookeeper-3.4.6.jar:3.4.6-1569965]
	at org.apache.zookeeper.ClientCnxn$EventThread.run(ClientCnxn.java:498) [zookeeper-3.4.6.jar:3.4.6-1569965]
2022-02-07 21:20:32.273 [Thread-64-EventThread] ERROR [org.apache.zookeeper.ClientCnxn] - Error while calling watcher 
java.lang.NullPointerException: null
	at com.distributed.lock.zk.ZooKeeperSession$ZooKeeperWatcher.process(ZooKeeperSession.java:91) ~[classes/:na]
	at org.apache.zookeeper.ClientCnxn$EventThread.processEvent(ClientCnxn.java:522) [zookeeper-3.4.6.jar:3.4.6-1569965]
	at org.apache.zookeeper.ClientCnxn$EventThread.run(ClientCnxn.java:498) [zookeeper-3.4.6.jar:3.4.6-1569965]
2022-02-07 21:20:32.273 [Thread-95-EventThread] ERROR [org.apache.zookeeper.ClientCnxn] - Error while calling watcher 
java.lang.NullPointerException: null
	at com.distributed.lock.zk.ZooKeeperSession$ZooKeeperWatcher.process(ZooKeeperSession.java:91) ~[classes/:na]
	at org.apache.zookeeper.ClientCnxn$EventThread.processEvent(ClientCnxn.java:522) [zookeeper-3.4.6.jar:3.4.6-1569965]
	at org.apache.zookeeper.ClientCnxn$EventThread.run(ClientCnxn.java:498) [zookeeper-3.4.6.jar:3.4.6-1569965]
2022-02-07 21:20:32.273 [Thread-72-EventThread] ERROR [org.apache.zookeeper.ClientCnxn] - Error while calling watcher 
java.lang.NullPointerException: null
	at com.distributed.lock.zk.ZooKeeperSession$ZooKeeperWatcher.process(ZooKeeperSession.java:91) ~[classes/:na]
	at org.apache.zookeeper.ClientCnxn$EventThread.processEvent(ClientCnxn.java:522) [zookeeper-3.4.6.jar:3.4.6-1569965]
	at org.apache.zookeeper.ClientCnxn$EventThread.run(ClientCnxn.java:498) [zookeeper-3.4.6.jar:3.4.6-1569965]
2022-02-07 21:20:32.273 [Thread-13-EventThread] ERROR [org.apache.zookeeper.ClientCnxn] - Error while calling watcher 
java.lang.NullPointerException: null
	at com.distributed.lock.zk.ZooKeeperSession$ZooKeeperWatcher.process(ZooKeeperSession.java:91) ~[classes/:na]
	at org.apache.zookeeper.ClientCnxn$EventThread.processEvent(ClientCnxn.java:522) [zookeeper-3.4.6.jar:3.4.6-1569965]
	at org.apache.zookeeper.ClientCnxn$EventThread.run(ClientCnxn.java:498) [zookeeper-3.4.6.jar:3.4.6-1569965]
2022-02-07 21:20:32.273 [Thread-87-EventThread] ERROR [org.apache.zookeeper.ClientCnxn] - Error while calling watcher 
java.lang.NullPointerException: null
	at com.distributed.lock.zk.ZooKeeperSession$ZooKeeperWatcher.process(ZooKeeperSession.java:91) ~[classes/:na]
	at org.apache.zookeeper.ClientCnxn$EventThread.processEvent(ClientCnxn.java:522) [zookeeper-3.4.6.jar:3.4.6-1569965]
	at org.apache.zookeeper.ClientCnxn$EventThread.run(ClientCnxn.java:498) [zookeeper-3.4.6.jar:3.4.6-1569965]
2022-02-07 21:20:32.273 [Thread-39-EventThread] ERROR [org.apache.zookeeper.ClientCnxn] - Error while calling watcher 
java.lang.NullPointerException: null
	at com.distributed.lock.zk.ZooKeeperSession$ZooKeeperWatcher.process(ZooKeeperSession.java:91) ~[classes/:na]
	at org.apache.zookeeper.ClientCnxn$EventThread.processEvent(ClientCnxn.java:522) [zookeeper-3.4.6.jar:3.4.6-1569965]
	at org.apache.zookeeper.ClientCnxn$EventThread.run(ClientCnxn.java:498) [zookeeper-3.4.6.jar:3.4.6-1569965]
2022-02-07 21:20:32.273 [Thread-98-EventThread] ERROR [org.apache.zookeeper.ClientCnxn] - Error while calling watcher 
java.lang.NullPointerException: null
	at com.distributed.lock.zk.ZooKeeperSession$ZooKeeperWatcher.process(ZooKeeperSession.java:91) ~[classes/:na]
	at org.apache.zookeeper.ClientCnxn$EventThread.processEvent(ClientCnxn.java:522) [zookeeper-3.4.6.jar:3.4.6-1569965]
	at org.apache.zookeeper.ClientCnxn$EventThread.run(ClientCnxn.java:498) [zookeeper-3.4.6.jar:3.4.6-1569965]
2022-02-07 21:20:32.273 [Thread-42-EventThread] ERROR [org.apache.zookeeper.ClientCnxn] - Error while calling watcher 
java.lang.NullPointerException: null
	at com.distributed.lock.zk.ZooKeeperSession$ZooKeeperWatcher.process(ZooKeeperSession.java:91) ~[classes/:na]
	at org.apache.zookeeper.ClientCnxn$EventThread.processEvent(ClientCnxn.java:522) [zookeeper-3.4.6.jar:3.4.6-1569965]
	at org.apache.zookeeper.ClientCnxn$EventThread.run(ClientCnxn.java:498) [zookeeper-3.4.6.jar:3.4.6-1569965]
2022-02-07 21:20:32.273 [Thread-81-EventThread] ERROR [org.apache.zookeeper.ClientCnxn] - Error while calling watcher 
java.lang.NullPointerException: null
	at com.distributed.lock.zk.ZooKeeperSession$ZooKeeperWatcher.process(ZooKeeperSession.java:91) ~[classes/:na]
	at org.apache.zookeeper.ClientCnxn$EventThread.processEvent(ClientCnxn.java:522) [zookeeper-3.4.6.jar:3.4.6-1569965]
	at org.apache.zookeeper.ClientCnxn$EventThread.run(ClientCnxn.java:498) [zookeeper-3.4.6.jar:3.4.6-1569965]
2022-02-07 21:20:32.273 [Thread-25-EventThread] ERROR [org.apache.zookeeper.ClientCnxn] - Error while calling watcher 
java.lang.NullPointerException: null
	at com.distributed.lock.zk.ZooKeeperSession$ZooKeeperWatcher.process(ZooKeeperSession.java:91) ~[classes/:na]
	at org.apache.zookeeper.ClientCnxn$EventThread.processEvent(ClientCnxn.java:522) [zookeeper-3.4.6.jar:3.4.6-1569965]
	at org.apache.zookeeper.ClientCnxn$EventThread.run(ClientCnxn.java:498) [zookeeper-3.4.6.jar:3.4.6-1569965]
2022-02-07 21:20:32.273 [Thread-30-EventThread] ERROR [org.apache.zookeeper.ClientCnxn] - Error while calling watcher 
java.lang.NullPointerException: null
	at com.distributed.lock.zk.ZooKeeperSession$ZooKeeperWatcher.process(ZooKeeperSession.java:91) ~[classes/:na]
	at org.apache.zookeeper.ClientCnxn$EventThread.processEvent(ClientCnxn.java:522) [zookeeper-3.4.6.jar:3.4.6-1569965]
	at org.apache.zookeeper.ClientCnxn$EventThread.run(ClientCnxn.java:498) [zookeeper-3.4.6.jar:3.4.6-1569965]
2022-02-07 21:20:32.273 [Thread-33-EventThread] ERROR [org.apache.zookeeper.ClientCnxn] - Error while calling watcher 
java.lang.NullPointerException: null
	at com.distributed.lock.zk.ZooKeeperSession$ZooKeeperWatcher.process(ZooKeeperSession.java:91) ~[classes/:na]
	at org.apache.zookeeper.ClientCnxn$EventThread.processEvent(ClientCnxn.java:522) [zookeeper-3.4.6.jar:3.4.6-1569965]
	at org.apache.zookeeper.ClientCnxn$EventThread.run(ClientCnxn.java:498) [zookeeper-3.4.6.jar:3.4.6-1569965]
2022-02-07 21:20:32.273 [Thread-46-EventThread] ERROR [org.apache.zookeeper.ClientCnxn] - Error while calling watcher 
java.lang.NullPointerException: null
	at com.distributed.lock.zk.ZooKeeperSession$ZooKeeperWatcher.process(ZooKeeperSession.java:91) ~[classes/:na]
	at org.apache.zookeeper.ClientCnxn$EventThread.processEvent(ClientCnxn.java:522) [zookeeper-3.4.6.jar:3.4.6-1569965]
	at org.apache.zookeeper.ClientCnxn$EventThread.run(ClientCnxn.java:498) [zookeeper-3.4.6.jar:3.4.6-1569965]
2022-02-07 21:20:32.273 [Thread-71-EventThread] ERROR [org.apache.zookeeper.ClientCnxn] - Error while calling watcher 
java.lang.NullPointerException: null
	at com.distributed.lock.zk.ZooKeeperSession$ZooKeeperWatcher.process(ZooKeeperSession.java:91) ~[classes/:na]
	at org.apache.zookeeper.ClientCnxn$EventThread.processEvent(ClientCnxn.java:522) [zookeeper-3.4.6.jar:3.4.6-1569965]
	at org.apache.zookeeper.ClientCnxn$EventThread.run(ClientCnxn.java:498) [zookeeper-3.4.6.jar:3.4.6-1569965]
2022-02-07 21:20:32.273 [Thread-86-EventThread] ERROR [org.apache.zookeeper.ClientCnxn] - Error while calling watcher 
java.lang.NullPointerException: null
	at com.distributed.lock.zk.ZooKeeperSession$ZooKeeperWatcher.process(ZooKeeperSession.java:91) ~[classes/:na]
	at org.apache.zookeeper.ClientCnxn$EventThread.processEvent(ClientCnxn.java:522) [zookeeper-3.4.6.jar:3.4.6-1569965]
	at org.apache.zookeeper.ClientCnxn$EventThread.run(ClientCnxn.java:498) [zookeeper-3.4.6.jar:3.4.6-1569965]
2022-02-07 21:20:32.273 [Thread-57-EventThread] ERROR [org.apache.zookeeper.ClientCnxn] - Error while calling watcher 
java.lang.NullPointerException: null
	at com.distributed.lock.zk.ZooKeeperSession$ZooKeeperWatcher.process(ZooKeeperSession.java:91) ~[classes/:na]
	at org.apache.zookeeper.ClientCnxn$EventThread.processEvent(ClientCnxn.java:522) [zookeeper-3.4.6.jar:3.4.6-1569965]
	at org.apache.zookeeper.ClientCnxn$EventThread.run(ClientCnxn.java:498) [zookeeper-3.4.6.jar:3.4.6-1569965]
2022-02-07 21:20:32.273 [Thread-40-EventThread] ERROR [org.apache.zookeeper.ClientCnxn] - Error while calling watcher 
java.lang.NullPointerException: null
	at com.distributed.lock.zk.ZooKeeperSession$ZooKeeperWatcher.process(ZooKeeperSession.java:91) ~[classes/:na]
	at org.apache.zookeeper.ClientCnxn$EventThread.processEvent(ClientCnxn.java:522) [zookeeper-3.4.6.jar:3.4.6-1569965]
	at org.apache.zookeeper.ClientCnxn$EventThread.run(ClientCnxn.java:498) [zookeeper-3.4.6.jar:3.4.6-1569965]
2022-02-07 21:20:32.273 [Thread-55-EventThread] ERROR [org.apache.zookeeper.ClientCnxn] - Error while calling watcher 
java.lang.NullPointerException: null
	at com.distributed.lock.zk.ZooKeeperSession$ZooKeeperWatcher.process(ZooKeeperSession.java:91) ~[classes/:na]
	at org.apache.zookeeper.ClientCnxn$EventThread.processEvent(ClientCnxn.java:522) [zookeeper-3.4.6.jar:3.4.6-1569965]
	at org.apache.zookeeper.ClientCnxn$EventThread.run(ClientCnxn.java:498) [zookeeper-3.4.6.jar:3.4.6-1569965]
2022-02-07 21:20:32.273 [Thread-69-EventThread] ERROR [org.apache.zookeeper.ClientCnxn] - Error while calling watcher 
java.lang.NullPointerException: null
	at com.distributed.lock.zk.ZooKeeperSession$ZooKeeperWatcher.process(ZooKeeperSession.java:91) ~[classes/:na]
	at org.apache.zookeeper.ClientCnxn$EventThread.processEvent(ClientCnxn.java:522) [zookeeper-3.4.6.jar:3.4.6-1569965]
	at org.apache.zookeeper.ClientCnxn$EventThread.run(ClientCnxn.java:498) [zookeeper-3.4.6.jar:3.4.6-1569965]
2022-02-07 21:20:32.273 [Thread-85-EventThread] ERROR [org.apache.zookeeper.ClientCnxn] - Error while calling watcher 
java.lang.NullPointerException: null
	at com.distributed.lock.zk.ZooKeeperSession$ZooKeeperWatcher.process(ZooKeeperSession.java:91) ~[classes/:na]
	at org.apache.zookeeper.ClientCnxn$EventThread.processEvent(ClientCnxn.java:522) [zookeeper-3.4.6.jar:3.4.6-1569965]
	at org.apache.zookeeper.ClientCnxn$EventThread.run(ClientCnxn.java:498) [zookeeper-3.4.6.jar:3.4.6-1569965]
2022-02-07 21:20:32.273 [Thread-49-EventThread] ERROR [org.apache.zookeeper.ClientCnxn] - Error while calling watcher 
java.lang.NullPointerException: null
	at com.distributed.lock.zk.ZooKeeperSession$ZooKeeperWatcher.process(ZooKeeperSession.java:91) ~[classes/:na]
	at org.apache.zookeeper.ClientCnxn$EventThread.processEvent(ClientCnxn.java:522) [zookeeper-3.4.6.jar:3.4.6-1569965]
	at org.apache.zookeeper.ClientCnxn$EventThread.run(ClientCnxn.java:498) [zookeeper-3.4.6.jar:3.4.6-1569965]
